This is pdfTeX, Version 3.1415926-1.40.10 (TeX Live 2009/Debian) (format=latex 2011.4.6)  19 AUG 2011 01:38
entering extended mode
 %&-line parsing enabled.
**thesis.tex
(./thesis.tex
LaTeX2e <2009/09/24>
Babel <v3.8l> and hyphenation patterns for english, usenglishmax, dumylang, noh
yphenation, loaded.
(/usr/share/texmf-texlive/tex/latex/base/book.cls
Document Class: book 2007/10/19 v1.4h Standard LaTeX document class
(/usr/share/texmf-texlive/tex/latex/base/bk12.clo
File: bk12.clo 2007/10/19 v1.4h Standard LaTeX file (size option)
)
\c@part=\count79
\c@chapter=\count80
\c@section=\count81
\c@subsection=\count82
\c@subsubsection=\count83
\c@paragraph=\count84
\c@subparagraph=\count85
\c@figure=\count86
\c@table=\count87
\abovecaptionskip=\skip41
\belowcaptionskip=\skip42
\bibindent=\dimen102
)
(/usr/share/texmf-texlive/tex/latex/geometry/geometry.sty
Package: geometry 2008/12/21 v4.2 Page Geometry

(/usr/share/texmf-texlive/tex/latex/graphics/keyval.sty
Package: keyval 1999/03/16 v1.13 key=value parser (DPC)
\KV@toks@=\toks14
)
(/usr/share/texmf-texlive/tex/generic/oberdiek/ifpdf.sty
Package: ifpdf 2009/04/10 v2.0 Provides the ifpdf switch (HO)
Package ifpdf Info: pdfTeX in pdf mode not detected.
)
(/usr/share/texmf-texlive/tex/generic/oberdiek/ifvtex.sty
Package: ifvtex 2008/11/04 v1.4 Switches for detecting VTeX and its modes (HO)
Package ifvtex Info: VTeX not detected.
)
\Gm@cnth=\count88
\Gm@cntv=\count89
\c@Gm@tempcnt=\count90
\Gm@bindingoffset=\dimen103
\Gm@wd@mp=\dimen104
\Gm@odd@mp=\dimen105
\Gm@even@mp=\dimen106
\Gm@dimlist=\toks15

(/usr/share/texmf-texlive/tex/xelatex/xetexconfig/geometry.cfg))
(/usr/share/texmf-texlive/tex/latex/rotating/rotating.sty
Package: rotating 2009/03/28 v2.16a rotated objects in LaTeX

(/usr/share/texmf-texlive/tex/latex/graphics/graphicx.sty
Package: graphicx 1999/02/16 v1.0f Enhanced LaTeX Graphics (DPC,SPQR)

(/usr/share/texmf-texlive/tex/latex/graphics/graphics.sty
Package: graphics 2009/02/05 v1.0o Standard LaTeX Graphics (DPC,SPQR)

(/usr/share/texmf-texlive/tex/latex/graphics/trig.sty
Package: trig 1999/03/16 v1.09 sin cos tan (DPC)
)
(/etc/texmf/tex/latex/config/graphics.cfg
File: graphics.cfg 2009/08/28 v1.8 graphics configuration of TeX Live
)
Package graphics Info: Driver file: dvips.def on input line 91.

(/usr/share/texmf-texlive/tex/latex/graphics/dvips.def
File: dvips.def 1999/02/16 v3.0i Driver-dependant file (DPC,SPQR)
))
\Gin@req@height=\dimen107
\Gin@req@width=\dimen108
)
(/usr/share/texmf-texlive/tex/latex/base/ifthen.sty
Package: ifthen 2001/05/26 v1.1c Standard LaTeX ifthen package (DPC)
)
\c@r@tfl@t=\count91
\rotFPtop=\skip43
\rotFPbot=\skip44
\rot@float@box=\box26
\rot@mess@toks=\toks16
)
(/usr/share/texmf-texlive/tex/latex/amsmath/amsmath.sty
Package: amsmath 2000/07/18 v2.13 AMS math features
\@mathmargin=\skip45

For additional information on amsmath, use the `?' option.
(/usr/share/texmf-texlive/tex/latex/amsmath/amstext.sty
Package: amstext 2000/06/29 v2.01

(/usr/share/texmf-texlive/tex/latex/amsmath/amsgen.sty
File: amsgen.sty 1999/11/30 v2.0
\@emptytoks=\toks17
\ex@=\dimen109
))
(/usr/share/texmf-texlive/tex/latex/amsmath/amsbsy.sty
Package: amsbsy 1999/11/29 v1.2d
\pmbraise@=\dimen110
)
(/usr/share/texmf-texlive/tex/latex/amsmath/amsopn.sty
Package: amsopn 1999/12/14 v2.01 operator names
)
\inf@bad=\count92
LaTeX Info: Redefining \frac on input line 211.
\uproot@=\count93
\leftroot@=\count94
LaTeX Info: Redefining \overline on input line 307.
\classnum@=\count95
\DOTSCASE@=\count96
LaTeX Info: Redefining \ldots on input line 379.
LaTeX Info: Redefining \dots on input line 382.
LaTeX Info: Redefining \cdots on input line 467.
\Mathstrutbox@=\box27
\strutbox@=\box28
\big@size=\dimen111
LaTeX Font Info:    Redeclaring font encoding OML on input line 567.
LaTeX Font Info:    Redeclaring font encoding OMS on input line 568.
\macc@depth=\count97
\c@MaxMatrixCols=\count98
\dotsspace@=\muskip10
\c@parentequation=\count99
\dspbrk@lvl=\count100
\tag@help=\toks18
\row@=\count101
\column@=\count102
\maxfields@=\count103
\andhelp@=\toks19
\eqnshift@=\dimen112
\alignsep@=\dimen113
\tagshift@=\dimen114
\tagwidth@=\dimen115
\totwidth@=\dimen116
\lineht@=\dimen117
\@envbody=\toks20
\multlinegap=\skip46
\multlinetaggap=\skip47
\mathdisplay@stack=\toks21
LaTeX Info: Redefining \[ on input line 2666.
LaTeX Info: Redefining \] on input line 2667.
)
(/usr/share/texmf-texlive/tex/latex/amsfonts/amssymb.sty
Package: amssymb 2009/06/22 v3.00

(/usr/share/texmf-texlive/tex/latex/amsfonts/amsfonts.sty
Package: amsfonts 2009/06/22 v3.00 Basic AMSFonts support
\symAMSa=\mathgroup4
\symAMSb=\mathgroup5
LaTeX Font Info:    Overwriting math alphabet `\mathfrak' in version `bold'
(Font)                  U/euf/m/n --> U/euf/b/n on input line 96.
))
(/usr/share/texmf-texlive/tex/latex/subfigure/subfigure.sty
Package: subfigure 2002/03/15 v2.1.5 subfigure package
\subfigtopskip=\skip48
\subfigcapskip=\skip49
\subfigcaptopadj=\dimen118
\subfigbottomskip=\skip50
\subfigcapmargin=\dimen119
\subfiglabelskip=\skip51
\c@subfigure=\count104
\c@lofdepth=\count105
\c@subtable=\count106
\c@lotdepth=\count107

****************************************
* Local config file subfigure.cfg used *
****************************************
(/usr/share/texmf-texlive/tex/latex/subfigure/subfigure.cfg)
\subfig@top=\skip52
\subfig@bottom=\skip53
)
(/usr/share/texmf-texlive/tex/latex/tools/longtable.sty
Package: longtable 2004/02/01 v4.11 Multi-page Table package (DPC)
\LTleft=\skip54
\LTright=\skip55
\LTpre=\skip56
\LTpost=\skip57
\LTchunksize=\count108
\LTcapwidth=\dimen120
\LT@head=\box29
\LT@firsthead=\box30
\LT@foot=\box31
\LT@lastfoot=\box32
\LT@cols=\count109
\LT@rows=\count110
\c@LT@tables=\count111
\c@LT@chunks=\count112
\LT@p@ftn=\toks22
)
(/usr/share/texmf-texlive/tex/latex/pstricks/pstricks.sty
Package: pstricks 2008/11/26 v0.40 LaTeX wrapper for `PSTricks' (RN,HV)

(/usr/share/texmf-texlive/tex/generic/pstricks/pstricks.tex
`PSTricks' v1.29  <2009/05/19> (tvz)
\pst@dima=\dimen121
\pst@dimb=\dimen122
\pst@dimc=\dimen123
\pst@dimd=\dimen124
\pst@dimg=\dimen125
\pst@dimh=\dimen126
\pst@hbox=\box33
\pst@boxg=\box34
\pst@cnta=\count113
\pst@cntb=\count114
\pst@cntc=\count115
\pst@cntd=\count116
\pst@cntg=\count117
\pst@cnth=\count118
\pst@toks=\toks23
(/usr/share/texmf-texlive/tex/generic/pstricks/pstricks.con)
\psunit=\dimen127
\psxunit=\dimen128
\psyunit=\dimen129
\pslinewidth=\dimen130
\pst@customdefs=\toks24
\pslinearc=\dimen131
\everypsbox=\toks25
\psframesep=\dimen132
\pslabelsep=\dimen133
\pst@shift=\dimen134
\theoverlaybox=\box35
)
File: pstricks.tex 2009/05/19 v1.29 `PSTricks' (tvz,hv)

(/usr/share/texmf/tex/latex/xcolor/xcolor.sty
Package: xcolor 2007/01/21 v2.11 LaTeX color extensions (UK)

(/etc/texmf/tex/latex/config/color.cfg
File: color.cfg 2007/01/18 v1.5 color configuration of teTeX/TeXLive
)
Package xcolor Info: Package option `usenames' ignored on input line 216.
Package xcolor Info: Driver file: dvips.def on input line 225.
Package xcolor Info: Model `cmy' substituted by `cmy0' on input line 1337.
Package xcolor Info: Model `RGB' extended on input line 1353.
Package xcolor Info: Model `HTML' substituted by `rgb' on input line 1355.
Package xcolor Info: Model `Hsb' substituted by `hsb' on input line 1356.
Package xcolor Info: Model `tHsb' substituted by `hsb' on input line 1357.
Package xcolor Info: Model `HSB' substituted by `hsb' on input line 1358.
Package xcolor Info: Model `Gray' substituted by `gray' on input line 1359.
Package xcolor Info: Model `wave' substituted by `hsb' on input line 1360.

(/usr/share/texmf-texlive/tex/latex/graphics/dvipsnam.def
File: dvipsnam.def 1999/02/16 v3.0i Driver-dependant file (DPC,SPQR)
)))
(/usr/share/texmf-texlive/tex/latex/pstricks/pst-node.sty
Package: pst-node 2006/01/01 package wrapper for pst-node.tex

(/usr/share/texmf-texlive/tex/generic/pstricks/pst-node.tex  v1.01, 2008/11/26
\psrow=\count119
\pscol=\count120
\psmatrixcnt=\count121
\psrowsep=\skip58
\pscolsep=\skip59
)
File: pst-node.tex 2008/11/26 1.01 `pst-node' (tvz)
) (/usr/share/texmf-texlive/tex/latex/graphics/epsfig.sty
Package: epsfig 1999/02/16 v1.7a (e)psfig emulation (SPQR)
\epsfxsize=\dimen135
\epsfysize=\dimen136
)
(/usr/share/texmf-texlive/tex/latex/appendix/appendix.sty
Package: appendix 2009/09/02 v1.2b extra appendix facilities
\c@@pps=\count122
\c@@ppsavesec=\count123
\c@@ppsaveapp=\count124
) (./algorithm.sty
Package: algorithm 

Document Style `algorithm' - floating environment
(/usr/share/texmf-texlive/tex/latex/float/float.sty
Package: float 2001/11/08 v1.3d Float enhancements (AL)
\c@float@type=\count125
\float@exts=\toks26
\float@box=\box36
\@float@everytoks=\toks27
\@floatcapt=\box37
)
\@float@every@algorithm=\toks28
\c@algorithm=\count126
) (./algorithmic.sty
Package: algorithmic 2006/06/02

Document Style `algorithmic' - environment
(/usr/share/texmf-texlive/tex/latex/tools/calc.sty
Package: calc 2007/08/22 v4.3 Infix arithmetic (KKT,FJ)
\calc@Acount=\count127
\calc@Bcount=\count128
\calc@Adimen=\dimen137
\calc@Bdimen=\dimen138
\calc@Askip=\skip60
\calc@Bskip=\skip61
LaTeX Info: Redefining \setlength on input line 76.
LaTeX Info: Redefining \addtolength on input line 77.
\calc@Ccount=\count129
\calc@Cskip=\skip62
)
\c@ALC@line=\count130
\c@ALC@rem=\count131
\c@ALC@depth=\count132
\ALC@tlm=\skip63
\algorithmicindent=\skip64
)
(/usr/share/texmf-texlive/tex/latex/natbib/natbib.sty
Package: natbib 2009/07/16 8.31 (PWD, AO)
\bibhang=\skip65
\bibsep=\skip66
LaTeX Info: Redefining \cite on input line 694.
\c@NAT@ctr=\count133
) (./floatflt.sty
Package: floatflt 1997/07/16 v. 1.31
\c@OptionTest=\count134
\figbox=\box38
\tabbox=\box39
\pagebox=\box40
\ffigcount=\count135
\ftabcount=\count136
\fftest=\count137
\hangcount=\count138
\nosuccesstryfig=\count139
\nosuccesstrytab=\count140
\figgutter=\dimen139
\tabgutter=\dimen140
\htdone=\dimen141
\pageht=\dimen142
\startpageht=\dimen143
\tabbredd=\dimen144
\floatfltwidth=\dimen145
\fltitemwidth=\dimen146
\outputpretest=\toks29
)
(/usr/share/texmf-texlive/tex/latex/acronym/acronym.sty
Package: acronym 2009/01/25 v1.34 Support for acronyms (Tobias Oetiker)

(/usr/share/texmf-texlive/tex/latex/bigfoot/suffix.sty
Package: suffix 2006/07/15 1.5 Variant command support
)
\AC@clearlist=\toks30
)
(/usr/share/texmf-texlive/tex/latex/ltxmisc/url.sty
\Urlmuskip=\muskip11
Package: url 2006/04/12  ver 3.3  Verb mode for urls, etc.
)
(/usr/share/texmf-texlive/tex/latex/multirow/multirow.sty
\bigstrutjot=\dimen147
)
(/usr/share/texmf-texlive/tex/latex/comment/comment.sty
\CommentStream=\write3

Excluding comment 'comment')
\@input{thesis.preamble.aux}
\openout2 = `thesis.preamble.aux'.

(./thesis.preamble.tex (/usr/share/texmf-texlive/tex/latex/tools/verbatim.sty
Package: verbatim 2003/08/22 v1.5q LaTeX2e package for verbatim enhancements
\every@verbatim=\toks31
\verbatim@line=\toks32
\verbatim@in@stream=\read1
)
(/usr/share/texmf-texlive/tex/latex/base/latexsym.sty
Package: latexsym 1998/08/17 v2.2e Standard LaTeX package (lasy symbols)
\symlasy=\mathgroup6
LaTeX Font Info:    Overwriting symbol font `lasy' in version `bold'
(Font)                  U/lasy/m/n --> U/lasy/b/n on input line 47.
)
(/usr/share/texmf-texlive/tex/latex/setspace/setspace.sty
Package: setspace 2000/12/01 6.7 Contributed and Supported LaTeX2e package

Package: `setspace' 6.7 <2000/12/01>
) (./blocked.sty) (./uhead.sty) (./boxit.sty) (./icthesis.sty)
\c@definition=\count141
\c@theorem=\count142
) (./thesis.aux

LaTeX Warning: Label `tab:no_constraints' multiply defined.


LaTeX Warning: Label `fig:ccycle_ppi_enrich_1' multiply defined.


LaTeX Warning: Label `sub@fig:ccycle_ppi_enrich_1' multiply defined.


LaTeX Warning: Label `fig:ccycle_ppi_enrich_2' multiply defined.


LaTeX Warning: Label `sub@fig:ccycle_ppi_enrich_2' multiply defined.


LaTeX Warning: Label `fig:stress_only_enrich_1' multiply defined.


LaTeX Warning: Label `sub@fig:stress_only_enrich_1' multiply defined.


LaTeX Warning: Label `fig:stress_only_enrich_2' multiply defined.


LaTeX Warning: Label `sub@fig:stress_only_enrich_2' multiply defined.


LaTeX Warning: Label `fig:stress_only_enrich' multiply defined.

)
\openout1 = `thesis.aux'.

LaTeX Font Info:    Checking defaults for OML/cmm/m/it on input line 57.
LaTeX Font Info:    ... okay on input line 57.
LaTeX Font Info:    Checking defaults for T1/cmr/m/n on input line 57.
LaTeX Font Info:    ... okay on input line 57.
LaTeX Font Info:    Checking defaults for OT1/cmr/m/n on input line 57.
LaTeX Font Info:    ... okay on input line 57.
LaTeX Font Info:    Checking defaults for OMS/cmsy/m/n on input line 57.
LaTeX Font Info:    ... okay on input line 57.
LaTeX Font Info:    Checking defaults for OMX/cmex/m/n on input line 57.
LaTeX Font Info:    ... okay on input line 57.
LaTeX Font Info:    Checking defaults for U/cmr/m/n on input line 57.
LaTeX Font Info:    ... okay on input line 57.

*geometry auto-detecting driver*
*geometry detected driver: dvips*
-------------------- Geometry parameters
paper: a4paper
landscape: --
twocolumn: --
twoside: --
asymmetric: --
h-parts: 85.35826pt, 426.79135pt, 85.35826pt
v-parts: 142.26378pt, 617.4248pt, 85.35826pt
hmarginratio: --
vmarginratio: --
lines: --
heightrounded: --
bindingoffset: 0.0pt
truedimen: --
includehead: --
includefoot: --
includemp: --
driver: dvips
-------------------- Page layout dimensions and switches
\paperwidth  597.50787pt
\paperheight 845.04684pt
\textwidth  426.79135pt
\textheight 617.4248pt
\oddsidemargin  13.08827pt
\evensidemargin 13.08827pt
\topmargin  38.12pt
\headheight 12.0pt
\headsep    19.8738pt
\footskip   30.0pt
\marginparwidth 38.0pt
\marginparsep   7.0pt
\columnsep  10.0pt
\skip\footins  10.8pt plus 4.0pt minus 2.0pt
\hoffset 0.0pt
\voffset 0.0pt
\mag 1000

(1in=72.27pt, 1cm=28.45pt)
-----------------------

Overfull \vbox (9.409pt too high) detected at line 71
 []

[1




] (./declaration/declaration.tex
File: alok_sig.eps Graphic file (type eps)
 <alok_sig.eps> [2

]) (./abstract/abstract.tex) (./acknowledgements/acknowledgements.tex [3

] [4


])
(./dedication/dedication.tex [5]) [6


] (./thesis.toc
LaTeX Font Info:    Try loading font information for U+msa on input line 4.

(/usr/share/texmf-texlive/tex/latex/amsfonts/umsa.fd
File: umsa.fd 2009/06/22 v3.00 AMS symbols A
)
LaTeX Font Info:    Try loading font information for U+msb on input line 4.

(/usr/share/texmf-texlive/tex/latex/amsfonts/umsb.fd
File: umsb.fd 2009/06/22 v3.00 AMS symbols B
)
LaTeX Font Info:    Try loading font information for U+lasy on input line 4.

(/usr/share/texmf-texlive/tex/latex/base/ulasy.fd
File: ulasy.fd 1998/08/17 v2.2e LaTeX symbol font definitions
) [7


] [8] [9] [10])
\tf@toc=\write4
\openout4 = `thesis.toc'.

 [11]
(./thesis.lot
Missing character: There is no ‚ in font cmr12!
Missing character: There is no Ä in font cmr12!
Missing character: There is no ô in font cmr12!
 [12


]
Missing character: There is no ‚ in font cmr12!
Missing character: There is no Ä in font cmr12!
Missing character: There is no ô in font cmr12!
)
\tf@lot=\write5
\openout5 = `thesis.lot'.

 [13] [14] (./thesis.lof [15


])
\tf@lof=\write6
\openout6 = `thesis.lof'.

 [16]
Chapter 1.
(./introduction/introduction.tex
Package acronym Info: Label `acro:TF' newly defined as it shall be overridden
although it is yet undefined on input line 3.
Missing character: There is no √ in font cmr12!
Missing character: There is no ∂ in font cmr12!
 [1



] [2]
File: introduction/eukaryote_cell.eps Graphic file (type eps)
 <introduction/eukaryote_cell.eps>
Overfull \hbox (3.41432pt too wide) in paragraph at lines 21--21
 [] 
 []

File: introduction/central_dogma.eps Graphic file (type eps)
<introduction/central_dogma.eps>
Overfull \hbox (2.61108pt too wide) in paragraph at lines 21--30
[][]  [] 
 []

Package acronym Info: Label `acro:DNA' newly defined as it shall be overridden
although it is yet undefined on input line 32.
Package acronym Info: Label `acro:RNA' newly defined as it shall be overridden
although it is yet undefined on input line 34.
[3]
File: introduction/gene_regulation.eps Graphic file (type eps)
 <introduction/gene_regulation.eps>
Overfull \hbox (46.58195pt too wide) in paragraph at lines 39--40
 [][] 
 []

Package acronym Info: Label `acro:mRNA' newly defined as it shall be overridden

although it is yet undefined on input line 43.
[4]
LaTeX Font Info:    Try loading font information for OMS+cmr on input line 50.
 (/usr/share/texmf-texlive/tex/latex/base/omscmr.fd
File: omscmr.fd 1999/05/25 v2.5h Standard LaTeX font definitions
)
LaTeX Font Info:    Font shape `OMS/cmr/m/n' in size <12> not available
(Font)              Font shape `OMS/cmsy/m/n' tried instead on input line 50.
Package acronym Info: Label `acro:ChIP' newly defined as it shall be overridden

although it is yet undefined on input line 51.

Overfull \hbox (62.97856pt too wide) in paragraph at lines 51--52
[]\OT1/cmr/m/n/12 Whole genome tran-scrip-tion fac-tor bind-ing mea-sured us-in
g [][]chro-matin immunoprecipitation[]
 []


Overfull \hbox (7.65831pt too wide) in paragraph at lines 53--54
[]\OT1/cmr/m/n/12 Protein-protein in-ter-ac-tions us-ing co-immunoprecipitation
 and other tech-niques. 
 []

File: introduction/cdnMicroarray.eps Graphic file (type eps)
<introduction/cdnMicroarray.eps>
Overfull \hbox (8.6952pt too wide) in paragraph at lines 59--60
[][] 
 []

[5]
floatflt Message: Flt. fig. 1 set on page 6, shifted 1 par(s) forward.

Overfull \hbox (6.31915pt too wide) in paragraph at lines 66--67
[]|\OT1/cmr/m/it/12 Two-channel mi-croar-rays \OT1/cmr/m/n/12 as shown in Figur
e-
 []


Overfull \hbox (6.01616pt too wide) in paragraph at lines 66--67
\OT1/cmr/m/n/12 con-di-tions, e.g. dis-eased tis-sue ver-sus healthy
 []


Overfull \hbox (2.12047pt too wide) in paragraph at lines 66--67
\OT1/cmr/m/n/12 these sam-ples. The two coloured cDNA sam-
 []

[6]
Package acronym Info: Label `acro:YPD' newly defined as it shall be overridden
although it is yet undefined on input line 77.
Package acronym Info: Label `acro:SCPD' newly defined as it shall be overridden

although it is yet undefined on input line 77.
 [7]
File: introduction/ppi.eps Graphic file (type eps)
 <introduction/ppi.eps>
Package floatflt Message: Floating figure 2 set on page 8
Package acronym Info: Label `acro:PPI' newly defined as it shall be overridden
although it is yet undefined on input line 86.

Overfull \hbox (4.03136pt too wide) in paragraph at lines 86--87
\OT1/cmr/m/n/12 the in-side by protein-protein in-ter-ac-tions
 []


Overfull \hbox (4.7494pt too wide) in paragraph at lines 86--87
\OT1/cmr/m/n/12 teins are gene prod-ucts and pro-teins with
 []


Overfull \hbox (11.53822pt too wide) in paragraph at lines 86--87
\OT1/cmr/m/n/12 sim-i-lar func-tions and lo-cal-iza-tion are more
 []


Overfull \hbox (6.64244pt too wide) in paragraph at lines 86--87
\OT1/cmr/m/n/12 shown by Schwikowski et al. (2000) where
 []

[8]
Package acronym Info: Label `acro:KL' newly defined as it shall be overridden
although it is yet undefined on input line 94.
 [9] [10]
Overfull \hbox (0.24597pt too wide) in paragraph at lines 116--117
[]\OT1/cmr/m/n/12 A semi-supervised spec-tral clus-ter-ing tech-nique to in-te-
grate two datasets where
 []

[11]) [12] [13]
Chapter 2.
(./background/background.tex [14

]
Package acronym Info: Label `acro:GGM' newly defined as it shall be overridden
although it is yet undefined on input line 8.
Package acronym Info: Label `acro:BN' newly defined as it shall be overridden
although it is yet undefined on input line 8.
 [15]
Package acronym Info: Label `acro:EM' newly defined as it shall be overridden
although it is yet undefined on input line 12.
 [16]
Package acronym Info: Label `acro:SGD' newly defined as it shall be overridden
although it is yet undefined on input line 19.
Package acronym Info: Label `acro:SMD' newly defined as it shall be overridden
although it is yet undefined on input line 19.
 [17]
Package acronym Info: Label `acro:GRAM' newly defined as it shall be overridden

although it is yet undefined on input line 23.
Package acronym Info: Label `acro:SAMBA' newly defined as it shall be overridde
n
although it is yet undefined on input line 25.
 [18] [19] [20]) [21]
Chapter 3.
(./chapter1/arraydata.tex [22

] [23]
Overfull \hbox (2.91402pt too wide) in paragraph at lines 16--17
\OT1/cmr/m/n/12 Boussard, 2001) which hosts c-DNA mi-croar-ray data-sets from v
ar-i-ous ex-per-i-menters.
 []

[24]
Package acronym Info: Label `acro:MAD' newly defined as it shall be overridden
although it is yet undefined on input line 25.
 [25]
Overfull \hbox (3.43468pt too wide) in paragraph at lines 47--48
[]\OT1/cmr/m/n/12 However, KL[][] di-ver-gence is not a dis-tance mea-sure as i
t lacks sym-me-try (($\OML/cmm/m/it/12 d[]\OT1/cmr/m/n/12 (\OML/cmm/m/it/12 F; 
G\OT1/cmr/m/n/12 ) \OMS/cmsy/m/n/12 6\OT1/cmr/m/n/12 =
 []

[26]
Missing character: There is no ƒ in font cmr12!
Missing character: There is no á in font cmr12!
 [27] [28]
Overfull \hbox (31.08838pt too wide) in alignment at lines 87--92
 [][][] []
 []

[29] (./chapter1/cluster_similarity.tex [30]) [31] [32] [33] [34] [35]
(./chapter1/kldivtables.tex) [36] [37] [38] [39] [40] [41]
File: chapter1/plot_unnorm.eps Graphic file (type eps)

<chapter1/plot_unnorm.eps> [42]
File: chapter1/plot_filtered.eps Graphic file (type eps)
 <chapter1/plot_filtered.eps>
File: chapter1/plot_norm.eps Graphic file (type eps)

<chapter1/plot_norm.eps> [43] [44] [45]) [46] [47]
Chapter 4.
(./chapter2/semi_sup.tex [48

] [49]
Package acronym Info: Label `acro:KNN' newly defined as it shall be overridden
although it is yet undefined on input line 25.
 [50] [51]
Overfull \vbox (1.49437pt too high) has occurred while \output is active []


[52] [53] [54] [55] [56] [57]
File: chapter2/graph_0.0001.eps Graphic file (type eps)
 <chapter2/graph_0.0001.eps>
File: chapter2/graph_0.001.eps Graphic file (type eps)

<chapter2/graph_0.001.eps> [58] [59]
Overfull \hbox (43.42375pt too wide) in paragraph at lines 181--190
 [][] 
 []

[60] [61]
Overfull \vbox (3.6028pt too high) detected at line 288
 []


Overfull \hbox (36.2858pt too wide) in paragraph at lines 288--289
 [][] 
 []

[62] [63]
File: /home/alok/phd/post_viva/semisup/spirals/100.eps Graphic file (type eps)
 </home/alok/phd/post_viva/semisup/spirals/100.eps>
File: /home/alok/phd/post_viva/semisup/spirals/1.eps Graphic file (type eps)

</home/alok/phd/post_viva/semisup/spirals/1.eps>
Underfull \hbox (badness 5189) in paragraph at lines 327--327
[]\OT1/cmr/m/n/10 (b) Noisy dataset clus-ter-ing
 []

File: /home/alok/phd/post_viva/semisup/spirals/5.eps Graphic file (type eps)
</home/alok/phd/post_viva/semisup/spirals/5.eps>
Underfull \hbox (badness 6380) in paragraph at lines 331--331
[]\OT1/cmr/m/n/10 (c) Noisy dataset clus-ter-ing
 []

File: /home/alok/phd/post_viva/semisup/spirals/10.eps Graphic file (type eps)
</home/alok/phd/post_viva/semisup/spirals/10.eps>
Underfull \hbox (badness 5189) in paragraph at lines 335--335
[]\OT1/cmr/m/n/10 (d) Noisy dataset clus-ter-ing
 []

File: /home/alok/phd/post_viva/semisup/spirals/15.eps Graphic file (type eps)
</home/alok/phd/post_viva/semisup/spirals/15.eps>
Underfull \hbox (badness 6380) in paragraph at lines 339--339
[]\OT1/cmr/m/n/10 (e) Noisy dataset clus-ter-ing
 []

File: /home/alok/phd/post_viva/semisup/spirals/20.eps Graphic file (type eps)
</home/alok/phd/post_viva/semisup/spirals/20.eps>
Underfull \hbox (badness 7116) in paragraph at lines 343--343
[]\OT1/cmr/m/n/10 (f) Noisy dataset clus-ter-ing
 []

File: /home/alok/phd/post_viva/semisup/spirals/25.eps Graphic file (type eps)
</home/alok/phd/post_viva/semisup/spirals/25.eps>
Underfull \hbox (badness 5771) in paragraph at lines 347--347
[]\OT1/cmr/m/n/10 (g) Noisy dataset clus-ter-ing
 []

File: /home/alok/phd/post_viva/semisup/spirals/50.eps Graphic file (type eps)
</home/alok/phd/post_viva/semisup/spirals/50.eps>
Underfull \hbox (badness 5189) in paragraph at lines 351--351
[]\OT1/cmr/m/n/10 (h) Noisy dataset clus-ter-ing
 []

File: /home/alok/phd/post_viva/semisup/spirals/cv_fold1.eps Graphic file (type 
eps)
</home/alok/phd/post_viva/semisup/spirals/cv_fold1.eps>
File: /home/alok/phd/post_viva/semisup/spirals/cv_fold2.eps Graphic file (type 
eps)

</home/alok/phd/post_viva/semisup/spirals/cv_fold2.eps>
File: /home/alok/phd/post_viva/semisup/spirals/cv_fold3.eps Graphic file (type 
eps)

</home/alok/phd/post_viva/semisup/spirals/cv_fold3.eps>
File: /home/alok/phd/post_viva/semisup/spirals/cv_fold4.eps Graphic file (type 
eps)

</home/alok/phd/post_viva/semisup/spirals/cv_fold4.eps>
File: /home/alok/phd/post_viva/semisup/spirals/cv_fold5.eps Graphic file (type 
eps)

</home/alok/phd/post_viva/semisup/spirals/cv_fold5.eps> [64] [65] [66] [67]
[68]
File: /home/alok/phd/post_viva/semisup/results/plots/stress_dunn.eps Graphic fi
le (type eps)
 </home/alok/phd/post_viva/semisup/results/plots/stress_dunn.eps>
File: /home/alok/phd/post_viva/semisup/results/plots/stress_davies.eps Graphic 
file (type eps)

</home/alok/phd/post_viva/semisup/results/plots/stress_davies.eps> [69]
[70]
File: /home/alok/phd/post_viva/semisup/results/plots/ccycle_dunn.eps Graphic fi
le (type eps)
 </home/alok/phd/post_viva/semisup/results/plots/ccycle_dunn.eps>
File: /home/alok/phd/post_viva/semisup/results/plots/ccycle_davies.eps Graphic 
file (type eps)

</home/alok/phd/post_viva/semisup/results/plots/ccycle_davies.eps> [71]
[72]
Missing character: There is no ‚ in font cmr12!
Missing character: There is no Ä in font cmr12!
Missing character: There is no ô in font cmr12!
Missing character: There is no ‚ in font cmr12!
Missing character: There is no Ä in font cmr12!
Missing character: There is no ô in font cmr12!

Overfull \hbox (3.11946pt too wide) in paragraph at lines 533--534
[]\OT1/cmr/m/n/12 In or-der to com-pute the sim-i-lar-ity ma-trix from the stre
ss and cell-cycle datasets,
 []

Missing character: There is no ‚ in font cmr12!
Missing character: There is no Ä in font cmr12!
Missing character: There is no ô in font cmr12!
Missing character: There is no ‚ in font cmr12!
Missing character: There is no Ä in font cmr12!
Missing character: There is no ô in font cmr12!
Missing character: There is no ‚ in font cmr12!
Missing character: There is no Ä in font cmr12!
Missing character: There is no ô in font cmr12!
Missing character: There is no ‚ in font cmr12!
Missing character: There is no Ä in font cmr12!
Missing character: There is no ô in font cmr12!
Missing character: There is no ‚ in font cmr12!
Missing character: There is no Ä in font cmr12!
Missing character: There is no ô in font cmr12!
Missing character: There is no ‚ in font cmr12!
Missing character: There is no Ä in font cmr12!
Missing character: There is no ô in font cmr12!
Missing character: There is no ‚ in font cmr12!
Missing character: There is no Ä in font cmr12!
Missing character: There is no ô in font cmr12!
Missing character: There is no ‚ in font cmr12!
Missing character: There is no Ä in font cmr12!
Missing character: There is no ô in font cmr12!
Missing character: There is no ‚ in font cmr12!
Missing character: There is no Ä in font cmr12!
Missing character: There is no ô in font cmr12!
Missing character: There is no ‚ in font cmr12!
Missing character: There is no Ä in font cmr12!
Missing character: There is no ô in font cmr12!
[73] [74]
Missing character: There is no ‚ in font cmr12!
Missing character: There is no Ä in font cmr12!
Missing character: There is no ô in font cmr12!
Missing character: There is no ‚ in font cmr12!
Missing character: There is no Ä in font cmr12!
Missing character: There is no ô in font cmr12!
Missing character: There is no ‚ in font cmr12!
Missing character: There is no Ä in font cmr12!
Missing character: There is no ô in font cmr12!
Missing character: There is no ‚ in font cmr12!
Missing character: There is no Ä in font cmr12!
Missing character: There is no ô in font cmr12!
Missing character: There is no ‚ in font cmr12!
Missing character: There is no Ä in font cmr12!
Missing character: There is no ô in font cmr12!
Missing character: There is no ‚ in font cmr12!
Missing character: There is no Ä in font cmr12!
Missing character: There is no ô in font cmr12!
Missing character: There is no ‚ in font cmr12!
Missing character: There is no Ä in font cmr12!
Missing character: There is no ô in font cmr12!
Missing character: There is no ‚ in font cmr12!
Missing character: There is no Ä in font cmr12!
Missing character: There is no ô in font cmr12!
Missing character: There is no ‚ in font cmr12!
Missing character: There is no Ä in font cmr12!
Missing character: There is no ô in font cmr12!
Missing character: There is no ‚ in font cmr12!
Missing character: There is no Ä in font cmr12!
Missing character: There is no ô in font cmr12!
Missing character: There is no ‚ in font cmr12!
Missing character: There is no Ä in font cmr12!
Missing character: There is no ô in font cmr12!
Missing character: There is no ‚ in font cmr12!
Missing character: There is no Ä in font cmr12!
Missing character: There is no ô in font cmr12!
Missing character: There is no ‚ in font cmr12!
Missing character: There is no Ä in font cmr12!
Missing character: There is no ô in font cmr12!
Missing character: There is no ‚ in font cmr12!
Missing character: There is no Ä in font cmr12!
Missing character: There is no ô in font cmr12!

Overfull \hbox (4.09627pt too wide) in paragraph at lines 757--769
 [][] 
 []

File: /home/alok/phd/post_viva/semisup/results/analysis/img_stress_only/1.eps G
raphic file (type eps)
</home/alok/phd/post_viva/semisup/results/analysis/img_stress_only/1.eps>
File: /home/alok/phd/post_viva/semisup/results/analysis/img_stress_only/2.eps G
raphic file (type eps)

</home/alok/phd/post_viva/semisup/results/analysis/img_stress_only/2.eps>
File: /home/alok/phd/post_viva/semisup/results/analysis/img_stress_ppi/1.eps Gr
aphic file (type eps)

</home/alok/phd/post_viva/semisup/results/analysis/img_stress_ppi/1.eps>
File: /home/alok/phd/post_viva/semisup/results/analysis/img_stress_ppi/2.eps Gr
aphic file (type eps)

</home/alok/phd/post_viva/semisup/results/analysis/img_stress_ppi/2.eps>

LaTeX Warning: Float too large for page by 46.612pt on input line 801.

File: /home/alok/phd/post_viva/semisup/results/analysis/img_stress_chip/1.eps G
raphic file (type eps)
</home/alok/phd/post_viva/semisup/results/analysis/img_stress_chip/1.eps>
File: /home/alok/phd/post_viva/semisup/results/analysis/img_stress_chip/2.eps G
raphic file (type eps)

</home/alok/phd/post_viva/semisup/results/analysis/img_stress_chip/2.eps>
File: /home/alok/phd/post_viva/ec2machine/semisup/results/analysis/ccycle_only/
1.eps Graphic file (type eps)

</home/alok/phd/post_viva/ec2machine/semisup/results/analysis/ccycle_only/1.eps
>

LaTeX Warning: Float too large for page by 60.55743pt on input line 827.

File: /home/alok/phd/post_viva/ec2machine/semisup/results/analysis/ccycle_ppi/1
.eps Graphic file (type eps)

</home/alok/phd/post_viva/ec2machine/semisup/results/analysis/ccycle_ppi/1.eps>
File: /home/alok/phd/post_viva/ec2machine/semisup/results/analysis/ccycle_ppi/2
.eps Graphic file (type eps)

</home/alok/phd/post_viva/ec2machine/semisup/results/analysis/ccycle_ppi/2.eps>
File: /home/alok/phd/post_viva/ec2machine/semisup/results/analysis/ccycle_chip/
1.eps Graphic file (type eps)

</home/alok/phd/post_viva/ec2machine/semisup/results/analysis/ccycle_chip/1.eps
>
File: /home/alok/phd/post_viva/ec2machine/semisup/results/analysis/ccycle_chip/
2.eps Graphic file (type eps)

</home/alok/phd/post_viva/ec2machine/semisup/results/analysis/ccycle_chip/2.eps
>
File: /home/alok/phd/post_viva/ec2machine/semisup/results/analysis/ccycle_only/
1.eps Graphic file (type eps)

</home/alok/phd/post_viva/ec2machine/semisup/results/analysis/ccycle_only/1.eps
>

LaTeX Warning: Float too large for page by 60.55743pt on input line 866.

(./chapter2/ccycle_sup_go.tex
Overfull \hbox (8.7615pt too wide) in paragraph at lines 3--33
 [][] 
 []

) [75] [76] [77] [78] [79] [80] [81] [82] [83] [84] [85] [86] [87]
Missing character: There is no ‚ in font cmr12!
Missing character: There is no Ä in font cmr12!
Missing character: There is no ì in font cmr12!
Missing character: There is no ‚ in font cmr12!
Missing character: There is no Ä in font cmr12!
Missing character: There is no ì in font cmr12!
Missing character: There is no ‚ in font cmr12!
Missing character: There is no à in font cmr12!
Missing character: There is no í in font cmr12!
 [88]
Missing character: There is no ‚ in font cmr12!
Missing character: There is no Ä in font cmr12!
Missing character: There is no ô in font cmr12!
Missing character: There is no Ô in font cmr12!
Missing character: There is no ¨ in font cmr12!
Missing character: There is no Å in font cmr12!

(./appendices/appendix-B.tex [89])
Underfull \hbox (badness 3168) in paragraph at lines 957--957
[]\OT1/cmr/m/n/12 After in-
 []


Underfull \hbox (badness 10000) in paragraph at lines 957--957
[]\OT1/cmr/m/n/12 Percent
 []


Underfull \hbox (badness 3168) in paragraph at lines 957--957
[]\OT1/cmr/m/n/12 After in-
 []


Underfull \hbox (badness 10000) in paragraph at lines 957--957
[]\OT1/cmr/m/n/12 Percent
 []


Overfull \hbox (40.65063pt too wide) in paragraph at lines 957--958
 [][] 
 []


LaTeX Warning: Reference `fig:bss_constraints' on page 90 undefined on input li
ne 970.

[90] [91]
Underfull \hbox (badness 4366) in paragraph at lines 1005--1005
[]\OT1/cmr/m/n/12 p-value cut-
 []


Underfull \hbox (badness 3168) in paragraph at lines 1005--1005
[]\OT1/cmr/m/n/12 After in-
 []


Underfull \hbox (badness 10000) in paragraph at lines 1005--1005
[]\OT1/cmr/m/n/12 Percent
 []


Underfull \hbox (badness 3168) in paragraph at lines 1005--1005
[]\OT1/cmr/m/n/12 After in-
 []


Underfull \hbox (badness 10000) in paragraph at lines 1005--1005
[]\OT1/cmr/m/n/12 Percent
 []


Overfull \hbox (43.2529pt too wide) in paragraph at lines 1005--1006
 [][] 
 []

[92] [93]
Package acronym Info: Label `acro:HMRF' newly defined as it shall be overridden

although it is yet undefined on input line 1043.
 [94] [95] [96] [97]) [98]
Chapter 5.
(./chapter3/max_entropy.tex [99

] [100] [101] [102] [103] [104] [105] [106]
Missing character: There is no √ in font cmr12!
Missing character: There is no ∂ in font cmr12!

[107] [108] [109] [110] [111] [112] [113] [114]

LaTeX Warning: Reference `fig:stress_ppi_opt' on page 115 undefined on input li
ne 269.


LaTeX Warning: Reference `fig:ccycle_tf_opt' on page 115 undefined on input lin
e 269.


LaTeX Warning: Reference `fig:stress_ppi_opt' on page 115 undefined on input li
ne 271.

File: /home/alok/phd/post_viva/maxent/results/sigmaopt/plots/chip_withinss.eps 
Graphic file (type eps)
</home/alok/phd/post_viva/maxent/results/sigmaopt/plots/chip_withinss.eps>
File: /home/alok/phd/post_viva/maxent/results/sigmaopt/plots/chip_withinss.eps 
Graphic file (type eps)

</home/alok/phd/post_viva/maxent/results/sigmaopt/plots/chip_withinss.eps>
File: /home/alok/phd/post_viva/maxent/results/sigmaopt/plots/yt_withinss.eps Gr
aphic file (type eps)

</home/alok/phd/post_viva/maxent/results/sigmaopt/plots/yt_withinss.eps>

LaTeX Warning: Float too large for page by 55.7573pt on input line 284.

File: /home/alok/phd/post_viva/semisup/results/analysis/img_stress_only/1.eps G
raphic file (type eps)
</home/alok/phd/post_viva/semisup/results/analysis/img_stress_only/1.eps>
File: /home/alok/phd/post_viva/semisup/results/analysis/img_stress_only/2.eps G
raphic file (type eps)

</home/alok/phd/post_viva/semisup/results/analysis/img_stress_only/2.eps>
[115] [116] [117]
Overfull \hbox (1.61507pt too wide) in paragraph at lines 331--331
[]\OT1/cmr/m/n/10 Datasets| 
 []


Overfull \hbox (4.89807pt too wide) in paragraph at lines 332--332
[]\OT1/cmr/m/n/10 Dataset
 []


Underfull \hbox (badness 10000) in paragraph at lines 332--332
[]\OT1/cmr/m/n/10 Dataset
 []


Overfull \hbox (6.50922pt too wide) in paragraph at lines 332--332
[]\OT1/cmr/m/n/10 MaxEnt
 []


Underfull \hbox (badness 10000) in paragraph at lines 332--332
\OT1/cmr/m/n/10 In-te-
 []


Underfull \hbox (badness 10000) in paragraph at lines 332--332
\OT1/cmr/m/n/10 gra-
 []


Underfull \hbox (badness 10000) in paragraph at lines 332--332
[]\OT1/cmr/m/n/10 %
 []


Underfull \hbox (badness 10000) in paragraph at lines 332--332
\OT1/cmr/m/n/10 Gain
 []


Underfull \hbox (badness 10000) in paragraph at lines 332--332
[]\OT1/cmr/m/n/10 %
 []


Underfull \hbox (badness 10000) in paragraph at lines 332--332
\OT1/cmr/m/n/10 Gain
 []


Overfull \hbox (4.89807pt too wide) in paragraph at lines 332--332
[]\OT1/cmr/m/n/10 Dataset
 []


Underfull \hbox (badness 10000) in paragraph at lines 332--332
[]\OT1/cmr/m/n/10 Dataset
 []


Overfull \hbox (6.50922pt too wide) in paragraph at lines 332--332
[]\OT1/cmr/m/n/10 MaxEnt
 []


Underfull \hbox (badness 10000) in paragraph at lines 332--332
\OT1/cmr/m/n/10 In-te-
 []


Underfull \hbox (badness 10000) in paragraph at lines 332--332
\OT1/cmr/m/n/10 gra-
 []


Underfull \hbox (badness 10000) in paragraph at lines 332--332
[]\OT1/cmr/m/n/10 %
 []


Underfull \hbox (badness 10000) in paragraph at lines 332--332
\OT1/cmr/m/n/10 Gain
 []


Underfull \hbox (badness 10000) in paragraph at lines 332--333
[]\OT1/cmr/m/n/10 %
 []


Underfull \hbox (badness 10000) in paragraph at lines 332--333
\OT1/cmr/m/n/10 Gain
 []


Underfull \hbox (badness 10000) in paragraph at lines 336--336
\OT1/cmr/m/n/10 ChIP-
 []


Underfull \hbox (badness 10000) in paragraph at lines 338--338
[]\OT1/cmr/m/n/10 Stress
 []


Overfull \hbox (46.87401pt too wide) in paragraph at lines 328--342
 [][] 
 []

[118

]
Overfull \hbox (1.61507pt too wide) in paragraph at lines 358--358
[]\OT1/cmr/m/n/10 Datasets| 
 []


Overfull \hbox (4.89807pt too wide) in paragraph at lines 359--359
[]\OT1/cmr/m/n/10 Dataset
 []


Underfull \hbox (badness 10000) in paragraph at lines 359--359
[]\OT1/cmr/m/n/10 Dataset
 []


Overfull \hbox (6.50922pt too wide) in paragraph at lines 359--359
[]\OT1/cmr/m/n/10 MaxEnt
 []


Underfull \hbox (badness 10000) in paragraph at lines 359--359
\OT1/cmr/m/n/10 In-te-
 []


Underfull \hbox (badness 10000) in paragraph at lines 359--359
\OT1/cmr/m/n/10 gra-
 []


Underfull \hbox (badness 10000) in paragraph at lines 359--359
[]\OT1/cmr/m/n/10 %
 []


Underfull \hbox (badness 10000) in paragraph at lines 359--359
\OT1/cmr/m/n/10 Gain
 []


Underfull \hbox (badness 10000) in paragraph at lines 359--359
[]\OT1/cmr/m/n/10 %
 []


Underfull \hbox (badness 10000) in paragraph at lines 359--359
\OT1/cmr/m/n/10 Gain
 []


Overfull \hbox (4.89807pt too wide) in paragraph at lines 359--359
[]\OT1/cmr/m/n/10 Dataset
 []


Underfull \hbox (badness 10000) in paragraph at lines 359--359
[]\OT1/cmr/m/n/10 Dataset
 []


Overfull \hbox (6.50922pt too wide) in paragraph at lines 359--359
[]\OT1/cmr/m/n/10 MaxEnt
 []


Underfull \hbox (badness 10000) in paragraph at lines 359--359
\OT1/cmr/m/n/10 In-te-
 []


Underfull \hbox (badness 10000) in paragraph at lines 359--359
\OT1/cmr/m/n/10 gra-
 []


Underfull \hbox (badness 10000) in paragraph at lines 359--359
[]\OT1/cmr/m/n/10 %
 []


Underfull \hbox (badness 10000) in paragraph at lines 359--359
\OT1/cmr/m/n/10 Gain
 []


Underfull \hbox (badness 10000) in paragraph at lines 359--360
[]\OT1/cmr/m/n/10 %
 []


Underfull \hbox (badness 10000) in paragraph at lines 359--360
\OT1/cmr/m/n/10 Gain
 []


Underfull \hbox (badness 10000) in paragraph at lines 361--361
[]\OT1/cmr/m/n/10 Cell-
 []


Underfull \hbox (badness 10000) in paragraph at lines 363--363
[]\OT1/cmr/m/n/10 Cell-
 []


Underfull \hbox (badness 10000) in paragraph at lines 363--363
\OT1/cmr/m/n/10 ChIP-
 []


Underfull \hbox (badness 10000) in paragraph at lines 365--365
[]\OT1/cmr/m/n/10 Cell-
 []


Underfull \hbox (badness 10000) in paragraph at lines 365--365
\OT1/cmr/m/n/10 Cycle
 []


Overfull \hbox (46.87401pt too wide) in paragraph at lines 355--369
 [][] 
 []

File: chapter3/stress_ppi_maxent.eps Graphic file (type eps)
<chapter3/stress_ppi_maxent.eps> [119]
Package acronym Info: Label `acro:SOM' newly defined as it shall be overridden
although it is yet undefined on input line 388.

Overfull \hbox (3.28474pt too wide) in paragraph at lines 388--389
\OT1/cmr/m/n/12 Ear-lier ef-forts in this di-rec-tion re-lated to clus-ter-ing 
were clas-si-fied un-der co-clustering.
 []

[120]
Package acronym Info: Label `acro:SVM' newly defined as it shall be overridden
although it is yet undefined on input line 390.
 [121]
Package acronym Info: Label `acro:SDP' newly defined as it shall be overridden
although it is yet undefined on input line 392.
 [122] [123]) [124]
Chapter 6.
(./conclusion/conclusion.tex [125

] [126]
Package acronym Info: Label `acro:LDA' newly defined as it shall be overridden
although it is yet undefined on input line 18.
Package acronym Info: Label `acro:RDA' newly defined as it shall be overridden
although it is yet undefined on input line 18.
 [127] [128]) [129] [130]
Appendix A.
(./appendices/appendix-A.tex
Overfull \hbox (14.49297pt too wide) in paragraph at lines 1--2
\OT1/cmr/m/n/12 Images show-ing Gene On-tol-ogy term en-rich-ments in Semi-Supe
rvised chap-ter (Chapter-
 []

File: /home/alok/phd/post_viva/semisup/results/analysis/semisup_stress_only.eps
 Graphic file (type eps)
</home/alok/phd/post_viva/semisup/results/analysis/semisup_stress_only.eps>
[131

]
Overfull \vbox (73.27147pt too high) has occurred while \output is active []


[132]
File: /home/alok/phd/post_viva/semisup/results/analysis/semisup_stress_chip.eps
 Graphic file (type eps)

</home/alok/phd/post_viva/semisup/results/analysis/semisup_stress_chip.eps>
Overfull \vbox (73.27147pt too high) has occurred while \output is active []


[133]
File: /home/alok/phd/post_viva/semisup/results/analysis/semisup_stress_ppi.eps 
Graphic file (type eps)

</home/alok/phd/post_viva/semisup/results/analysis/semisup_stress_ppi.eps>
Overfull \vbox (73.27147pt too high) has occurred while \output is active []


[134]
File: /home/alok/phd/post_viva/ec2machine/semisup/results/analysis/semisup_ccyc
le_only.eps Graphic file (type eps)

</home/alok/phd/post_viva/ec2machine/semisup/results/analysis/semisup_ccycle_on
ly.eps>
Overfull \vbox (73.27147pt too high) has occurred while \output is active []


[135]
File: /home/alok/phd/post_viva/ec2machine/semisup/results/analysis/semisup_ccyc
le_chip.eps Graphic file (type eps)

</home/alok/phd/post_viva/ec2machine/semisup/results/analysis/semisup_ccycle_ch
ip.eps>
Overfull \vbox (73.27147pt too high) has occurred while \output is active []


[136]
File: /home/alok/phd/post_viva/ec2machine/semisup/results/analysis/semisup_ccyc
le_ppi.eps Graphic file (type eps)

</home/alok/phd/post_viva/ec2machine/semisup/results/analysis/semisup_ccycle_pp
i.eps>
Overfull \vbox (73.27147pt too high) has occurred while \output is active []


[137]
File: /home/alok/phd/post_viva/ec2machine/semisup/results/analysis/semisup_ccyc
le_yt.eps Graphic file (type eps)

</home/alok/phd/post_viva/ec2machine/semisup/results/analysis/semisup_ccycle_yt
.eps>
Overfull \vbox (73.27147pt too high) has occurred while \output is active []


[138]
File: /home/alok/phd/post_viva/maxent/results/analysis/semisup_stress_ppi.eps G
raphic file (type eps)

</home/alok/phd/post_viva/maxent/results/analysis/semisup_stress_ppi.eps>
[139]
Overfull \vbox (73.27147pt too high) has occurred while \output is active []


[140]
File: /home/alok/phd/post_viva/maxent/results/analysis/semisup_stress_chip.eps 
Graphic file (type eps)

</home/alok/phd/post_viva/maxent/results/analysis/semisup_stress_chip.eps>
Overfull \vbox (73.27147pt too high) has occurred while \output is active []


[141]
File: /home/alok/phd/post_viva/maxent/results/analysis/semisup_stress_yt.eps Gr
aphic file (type eps)
 </home/alok/phd/post_viva/maxent/results/analysis/semisup_stress_yt.eps>
Overfull \vbox (73.27147pt too high) has occurred while \output is active []


[142]
File: /home/alok/phd/post_viva/maxent/results/analysis/maxent_stress_ppi.eps Gr
aphic file (type eps)
 </home/alok/phd/post_viva/maxent/results/analysis/maxent_stress_ppi.eps>
Overfull \vbox (73.27147pt too high) has occurred while \output is active []


[143]
File: /home/alok/phd/post_viva/maxent/results/analysis/maxent_stress_chip.eps G
raphic file (type eps)

</home/alok/phd/post_viva/maxent/results/analysis/maxent_stress_chip.eps>
Overfull \vbox (73.27147pt too high) has occurred while \output is active []


[144]
File: /home/alok/phd/post_viva/maxent/results/analysis/maxent_stress_yt.eps Gra
phic file (type eps)
 </home/alok/phd/post_viva/maxent/results/analysis/maxent_stress_yt.eps>
Overfull \vbox (73.27147pt too high) has occurred while \output is active []


[145]
File: /home/alok/phd/post_viva/ec2machine/maxent/results/analysis/semisup_ccycl
e_ppi.eps Graphic file (type eps)

</home/alok/phd/post_viva/ec2machine/maxent/results/analysis/semisup_ccycle_ppi
.eps> [146]
Overfull \vbox (73.27147pt too high) has occurred while \output is active []


[147]
File: /home/alok/phd/post_viva/ec2machine/maxent/results/analysis/semisup_ccycl
e_chip.eps Graphic file (type eps)

</home/alok/phd/post_viva/ec2machine/maxent/results/analysis/semisup_ccycle_chi
p.eps>
Overfull \vbox (73.27147pt too high) has occurred while \output is active []


[148]
File: /home/alok/phd/post_viva/ec2machine/maxent/results/analysis/semisup_ccycl
e_yt.eps Graphic file (type eps)

</home/alok/phd/post_viva/ec2machine/maxent/results/analysis/semisup_ccycle_yt.
eps>
Overfull \vbox (73.27147pt too high) has occurred while \output is active []


[149]
File: /home/alok/phd/post_viva/ec2machine/maxent/results/analysis/maxent_ccycle
_ppi.eps Graphic file (type eps)

</home/alok/phd/post_viva/ec2machine/maxent/results/analysis/maxent_ccycle_ppi.
eps>
Overfull \vbox (73.27147pt too high) has occurred while \output is active []


[150]
File: /home/alok/phd/post_viva/ec2machine/maxent/results/analysis/maxent_ccycle
_chip.eps Graphic file (type eps)

</home/alok/phd/post_viva/ec2machine/maxent/results/analysis/maxent_ccycle_chip
.eps>
Overfull \vbox (73.27147pt too high) has occurred while \output is active []


[151]
File: /home/alok/phd/post_viva/ec2machine/maxent/results/analysis/maxent_ccycle
_yt.eps Graphic file (type eps)

</home/alok/phd/post_viva/ec2machine/maxent/results/analysis/maxent_ccycle_yt.e
ps>
Overfull \vbox (73.27147pt too high) has occurred while \output is active []


[152]) (./appendices/semisup_stress_go_results.tex
Overfull \hbox (60.46365pt too wide) in alignment at lines 3--7
 [] [] [] 
 []


Overfull \hbox (60.46365pt too wide) in alignment at lines 7--14
 [] [] [] 
 []


Overfull \hbox (60.46365pt too wide) in alignment at lines 14--17
 [] [] [] 
 []


Overfull \hbox (60.46365pt too wide) in alignment at lines 17--20
 [] [] [] 
 []


Overfull \hbox (60.46365pt too wide) in alignment at lines 20--42
 [] [] [] 
 []


Underfull \vbox (badness 10000) detected at line 42
 []


Overfull \hbox (60.46365pt too wide) in alignment at lines 42--62
 [] [] [] 
 []


Overfull \hbox (60.46365pt too wide) in alignment at lines 62--82
 [] [] [] 
 []

[153]
Overfull \hbox (60.46365pt too wide) in alignment at lines 82--102
 [] [] [] 
 []


Overfull \hbox (60.46365pt too wide) in alignment at lines 102--122
 [] [] [] 
 []

[154]
Overfull \hbox (60.46365pt too wide) in alignment at lines 122--142
 [] [] [] 
 []

[155]
Overfull \hbox (60.46365pt too wide) in alignment at lines 142--149
 [] [] [] 
 []

) (./appendices/maxent_stress_go_results.tex [156]
Overfull \hbox (60.46365pt too wide) in alignment at lines 3--7
 [] [] [] 
 []


Overfull \hbox (60.46365pt too wide) in alignment at lines 7--14
 [] [] [] 
 []


Overfull \hbox (60.46365pt too wide) in alignment at lines 14--17
 [] [] [] 
 []


Overfull \hbox (60.46365pt too wide) in alignment at lines 17--20
 [] [] [] 
 []


Overfull \hbox (60.46365pt too wide) in alignment at lines 20--42
 [] [] [] 
 []


Underfull \vbox (badness 10000) detected at line 42
 []


Overfull \hbox (60.46365pt too wide) in alignment at lines 42--62
 [] [] [] 
 []


Overfull \hbox (60.46365pt too wide) in alignment at lines 62--74
 [] [] [] 
 []

[157]) (./thesis.bbl [158]
Underfull \hbox (badness 10000) in paragraph at lines 49--52
[]\OT1/cmr/m/n/12 Brookes, M. (2005).  The ma-trix ref-er-ence man-ual.  on-lin
e,
 []

[159

] [160] [161] [162]
Missing character: There is no ƒ in font cmr12!
Missing character: There is no á in font cmr12!
 [163] [164]
Missing character: There is no √ in font cmr12!
Missing character: There is no ∂ in font cmr12!
 [165]
Missing character: There is no Ô in font cmr12!
Missing character: There is no ø in font cmr12!
Missing character: There is no Ω in font cmr12!
 [166] [167]) (./acronyms/acronyms.tex [168] [169

]) [170] (./thesis.aux)

LaTeX Warning: There were undefined references.


LaTeX Warning: There were multiply-defined labels.

 ) 
Here is how much of TeX's memory you used:
 6541 strings out of 495062
 93266 string characters out of 1182645
 196922 words of memory out of 3000000
 9455 multiletter control sequences out of 15000+50000
 18118 words of font info for 70 fonts, out of 3000000 for 9000
 28 hyphenation exceptions out of 8191
 32i,17n,37p,2365b,520s stack positions out of 5000i,500n,10000p,200000b,50000s

Output written on thesis.dvi (186 pages, 535764 bytes).
